   10  138SWAP 138 env data LOG 10                                              
(I4,1X,10(F8.3))                                                                
   10
   1    4.491   4.060   1.065   4.248   4.126   2.481   4.956   5.477   0.000   5.700
   2    5.264   3.751   1.637   4.851   4.523   2.755   5.164   4.929   2.145   5.173
   3    6.488   2.821   1.241   4.179   3.296   1.786   3.118   4.267   3.171   3.734
   4    6.431   3.222   1.324   4.651   3.527   1.599   3.299   4.740   4.637   3.615
   5    5.682   3.501   1.798   3.831   4.005   1.913   3.708   5.381   2.721   4.222
   6    5.244   2.497   0.892   3.466   2.709   1.345   3.944   3.144   0.000   4.562
   7    5.407   3.010   1.729   4.233   3.438   2.108   4.575   3.686   0.000   5.169
   8    4.912   3.800   1.905   4.739   4.308   2.118   5.119   4.980   0.000   5.127
   9    5.441   2.561   0.652   3.550   2.750   1.904   3.751   3.699   2.972   3.774
  10    6.256   2.339   0.900   4.021   2.479   1.587   3.554   2.933   3.477   3.362
  11    4.966   3.867   0.903   4.218   4.217   2.125   4.741   5.496   0.000   4.828
  12    6.577   2.619   1.044   4.602   2.576   1.733   3.690   2.669   3.656   3.273
  13    6.046   3.190   1.786   4.722   3.589   1.842   4.543   3.325   0.000   4.678
  14    4.600   3.555   1.569   3.171   3.346   1.201   4.260   4.573   0.000   5.011
  15    5.040   2.255   0.470   1.819   2.197   0.888   2.929   3.306   0.000   3.602
  16    4.381   3.484   1.617   3.200   3.176   1.820   4.545   4.233   0.000   5.361
  17    5.095   2.834   0.788   2.768   3.070   1.176   3.320   4.429   0.000   4.134
  18    6.600   2.560   0.875   4.268   3.932   0.835   3.953   2.339   0.000   2.996
  19    4.792   3.308   0.577   3.020   3.498   1.402   3.893   4.892   0.000   4.089
  20    5.656   2.869   1.065   3.271   3.313   1.541   3.506   4.627   0.000   3.960
  21    5.517   2.344   0.542   3.780   2.056   1.385   3.695   2.899   0.000   3.634
  22    4.616   3.133   1.416   3.266   3.053   1.469   4.299   3.844   0.000   5.422
  23    6.175   3.055   0.850   3.587   3.472   1.704   3.550   4.818   2.855   3.076
  24    4.730   3.716   1.299   3.863   3.895   2.148   4.654   5.190   0.000   5.288
  25    4.522   3.506   1.851   3.816   3.638   1.923   4.654   4.695   0.000   5.460
  26    4.619   3.065   1.786   3.324   2.954   0.989   4.040   3.878   0.000   5.078
  27    4.945   2.788   0.723   2.314   2.961   0.964   3.441   4.320   0.000   4.685
  28    4.890   3.119   1.866   4.461   3.348   1.716   4.661   3.635   0.000   5.133
  29    5.141   2.549   1.335   3.671   2.774   1.099   4.029   3.212   0.000   4.304
  30    5.260   2.194   0.693   3.184   2.293   1.035   3.643   2.881   0.000   4.815
  31    5.766   2.818   0.676   3.856   3.301   1.367   3.751   4.273   0.000   3.135
  32    4.676   3.001   1.163   3.093   2.819   1.632   4.289   3.329   0.000   4.713
  33    5.101   3.474   1.322   3.624   3.332   1.705   3.753   5.358   1.674   2.833
  34    6.179   3.555   1.153   3.699   3.900   2.610   3.761   5.392   4.059   3.258
  35    7.093   4.616   1.723   5.981   5.116   3.398   5.500   6.061   5.759   4.893
  36    6.748   4.993   2.028   5.487   5.334   2.772   5.566   6.529   5.636   4.294
  37    6.430   3.534   1.115   4.755   4.022   1.681   4.234   4.998   4.594   3.977
  38    6.530   4.326   1.065   5.368   4.599   2.229   5.169   5.675   4.649   3.995
  39    5.380   3.458   0.800   3.885   3.813   1.772   4.285   5.172   1.427   3.956
  40    4.840   3.966   1.714   3.845   3.937   1.633   4.368   5.450   1.515   4.762
  41    6.440   4.012   1.030   5.038   4.753   2.300   4.715   5.564   4.982   2.708
  42    5.470   3.287   0.765   3.563   3.314   1.712   3.887   4.726   2.228   3.512
  43    5.144   3.651   1.179   4.363   3.882   2.015   4.451   5.333   1.678   4.533
  44    6.942   5.029   2.028   6.032   5.821   3.708   5.865   6.732   5.891   5.065
  45    6.140   3.376   0.389   4.024   3.871   2.362   4.186   4.898   3.553   2.788
  46    4.820   3.497   1.139   3.732   3.591   1.895   4.244   5.044   0.000   4.186
  47    5.328   2.876   0.182   3.359   2.983   2.048   3.857   4.403   2.690   5.013
  48    5.150   3.638   0.865   4.019   3.887   2.102   4.602   5.212   1.237   4.875
  49    5.720   3.305   0.693   3.835   3.667   1.856   4.132   4.949   2.513   3.843
  50    5.899   3.780   1.224   3.989   4.103   2.526   4.257   5.624   2.799   4.001
  51    5.237   3.849   1.548   4.240   4.350   2.338   4.757   5.418   3.477   4.828
  52    5.134   2.996   0.861   3.401   3.178   1.792   4.090   4.341   1.118   4.925
  53    5.160   3.567   0.956   3.785   3.995   2.087   4.419   5.246   0.345   4.675
  54    4.543   3.486   0.742   2.526   3.153   1.717   3.926   4.914   0.000   4.316
  55    4.952   3.106   0.372   3.390   3.271   1.735   4.132   4.326   0.000   5.546
  56    6.807   4.785   2.272   5.912   5.443   3.990   5.646   6.211   5.718   5.155
  57    5.283   3.959   0.693   3.936   4.290   2.549   4.670   5.709   0.878   5.543
  58    5.756   3.903   1.526   4.387   4.230   2.538   4.721   5.506   3.976   5.745
  59    4.538   3.684   1.609   3.361   3.403   1.607   4.375   4.897   0.000   4.894
  60    6.250   3.604   0.822   4.727   3.830   2.199   4.500   5.172   3.759   3.504
  61    6.760   4.317   0.975   5.421   4.715   2.386   5.282   5.691   4.936   3.584
  62    6.240   3.341   0.405   4.266   3.769   2.054   4.048   4.844   3.539   2.565
  63    6.900   4.595   1.902   5.968   4.964   3.578   4.540   6.173   5.979   3.258
  64    4.920   3.489   0.800   3.680   4.076   1.995   4.531   4.998   0.000   4.503
  65    5.660   4.103   0.956   4.625   4.600   1.904   4.859   5.825   3.317   4.220
  66    5.200   3.800   0.113   3.850   4.052   1.792   4.425   5.316   0.000   4.762
  67    6.690   3.570   0.742   4.905   3.849   1.815   4.288   4.949   4.616   3.157
  68    5.120   3.515   1.526   3.723   4.001   1.976   4.373   5.101   1.896   4.137
  69    5.019   3.588   0.993   3.779   3.793   1.817   4.476   5.158   2.876   5.829
  70    5.641   4.215   1.482   5.013   4.595   2.144   5.191   5.832   3.279   5.441
  71    6.586   4.259   2.152   5.194   4.907   2.388   5.164   5.570   4.592   4.905
  72    5.260   3.689   0.668   4.101   4.054   1.804   4.558   5.286   1.109   4.182
  73    5.240   3.428   1.209   4.102   3.868   1.439   4.144   5.291   0.829   4.360
  74    5.400   3.209   1.411   3.720   3.434   1.833   3.818   4.868   2.626   3.192
  75    4.875   4.908   1.917   4.149   5.241   3.196   4.794   6.853   0.000   4.116
  76    5.180   3.597   0.427   3.567   3.992   2.294   4.320   5.172   0.000   4.630
  77    5.350   3.497   0.372   3.581   4.035   2.386   4.426   5.044   1.562   4.135
  78    5.288   3.512   1.253   3.657   3.652   2.184   4.134   5.039   3.780   4.366
  79    6.240   3.795   1.224   4.934   4.132   1.845   4.650   5.249   3.985   3.597
  80    4.643   3.734   1.872   3.455   3.422   1.702   4.321   5.251   0.000   5.263
  81    5.800   4.031   0.981   4.847   4.456   2.283   4.777   5.675   3.907   3.714
  82    4.642   3.698   1.482   3.586   3.798   1.888   4.485   5.289   2.519   4.988
  83    5.547   3.367   1.322   3.502   3.693   2.079   3.676   5.223   2.211   3.769
  84    5.000   3.760   0.513   3.871   3.839   1.792   4.388   5.147   0.000   4.382
  85    5.265   4.419   2.442   4.648   4.865   2.316   5.080   5.799   3.223   5.491
  86    5.022   3.645   1.548   3.591   3.903   2.104   4.362   5.289   2.814   5.136
  87    6.445   4.492   1.609   5.655   5.168   2.930   5.276   5.944   5.116   5.331
  88    5.166   3.689   1.253   3.809   3.917   2.018   4.576   5.220   3.807   6.034
  89    5.064   4.094   1.902   4.416   4.492   1.992   5.072   5.813   2.678   5.521
  90    5.417   4.137   2.370   4.506   4.590   2.225   4.733   5.767   3.800   5.570
  91    5.038   3.056   0.588   3.393   3.534   1.981   4.171   4.337   0.000   4.860
  92    5.953   4.264   2.389   4.903   4.957   2.717   5.107   6.011   4.115   5.220
  93    6.800   4.394   0.742   5.340   5.073   2.274   5.455   5.979   4.732   4.078
  94    5.040   3.474   1.470   3.902   3.973   1.825   4.386   4.998   1.552   4.910
  95    5.266   3.768   1.808   3.937   4.140   1.959   4.569   5.427   3.830   5.179
  96    4.718   3.511   1.253   3.041   3.369   1.600   4.108   5.141   0.000   4.695
  97    6.650   3.437   2.116   4.970   4.277   2.639   4.407   3.045   4.787   4.663
  98    6.840   4.132   2.313   5.916   4.477   2.708   5.106   4.407   5.481   4.127
  99    5.250   4.164   2.534   5.182   4.625   2.996   5.412   5.328   1.386   5.710
 100    6.510   3.227   1.740   4.779   3.497   2.303   4.522   3.178   4.190   3.664
 101    5.220   3.784   2.241   4.654   4.220   2.639   5.017   4.860   1.099   4.905
 102    6.380   3.318   2.140   4.787   3.912   2.485   4.394   3.296   4.290   4.543
 103    7.250   4.343   2.116   6.405   4.234   3.611   4.007   3.871   6.430   3.638
 104    6.400   3.793   2.282   5.165   4.466   2.996   5.004   4.533   4.304   4.727
 105    5.810   4.366   1.386   5.553   4.762   3.135   5.829   5.451   2.639   4.718
 106    5.840   4.209   1.856   5.242   4.595   2.773   5.481   5.438   2.890   4.511
 107    5.030   4.066   2.573   4.575   4.554   2.485   5.004   5.497   0.693   5.617
 108    5.490   3.127   1.960   4.143   3.526   2.565   4.431   3.892   0.693   4.779
 109    7.160   4.947   2.617   6.844   5.366   3.555   5.425   5.081   6.807   4.317
 110    4.410   4.419   1.131   4.143   4.511   2.485   5.323   5.852   0.000   6.303
 111    5.990   3.572   2.116   4.942   3.970   2.398   4.890   4.369   3.091   4.700
 112    6.970   4.197   1.841   5.932   4.369   2.398   5.182   4.844   5.472   4.190
 113    6.580   4.562   2.890   6.140   4.920   3.178   5.468   5.580   5.398   4.942
 114    5.130   3.350   2.603   4.466   3.850   2.303   4.615   3.989   0.000   5.635
 115    4.940   3.195   2.028   4.078   3.497   2.398   4.522   3.738   0.000   5.170
 116    5.010   3.288   1.668   4.127   3.611   2.303   4.718   3.951   0.000   4.934
 117    5.520   3.270   2.208   4.500   3.892   2.485   4.595   3.871   1.792   4.949
 118    6.650   3.544   1.960   5.094   4.111   2.565   4.682   4.060   4.419   3.989
 119    5.890   3.936   2.197   4.984   4.543   2.565   5.124   5.124   2.944   5.303
 120    5.750   3.595   2.534   4.942   4.369   2.708   4.920   4.043   3.045   5.142
 121    6.340   4.240   1.988   5.549   5.204   3.178   5.652   4.718   4.990   3.497
 122    5.970   4.203   2.766   5.209   4.419   2.944   4.836   5.631   4.094   5.308
 123    6.460   3.752   2.797   5.398   4.357   2.303   5.004   4.025   4.234   5.024
 124    6.700   3.231   1.482   4.860   4.078   2.197   3.332   3.664   4.997   2.890
 125    6.200   4.415   2.728   5.743   5.081   2.708   5.746   5.333   4.078   5.017
 126    5.000   3.757   0.392   3.638   3.912   2.140   4.127   5.278   0.000   5.407
 127    5.125   3.940   2.015   4.727   4.276   2.087   4.900   5.547   4.156   5.670
 128    4.837   3.900   1.917   4.493   4.152   1.542   4.996   5.423   3.656   6.142
 129    4.995   3.807   1.012   3.561   4.168   2.468   4.511   5.386   0.000   5.286
 130    6.060   4.078   0.993   5.058   4.533   2.206   5.098   5.642   3.625   3.258
 131    5.966   3.232   1.526   4.357   3.555   1.897   4.132   4.622   3.226   3.185
 132    5.030   3.683   1.308   3.767   3.915   2.164   4.567   5.455   2.519   5.488
 133    5.767   3.701   0.336   4.234   4.086   2.303   4.407   5.371   2.760   4.723
 134    6.209   3.515   1.749   4.217   3.896   2.773   3.845   5.116   4.125   3.526
 135    4.688   3.498   1.281   2.871   3.168   1.706   4.045   5.142   0.000   4.840
 136    6.782   4.589   1.917   5.783   5.477   2.803   5.248   5.986   5.632   4.930
 137    5.130   3.526   0.800   3.972   4.044   2.095   4.609   5.418   0.253   4.903
 138    5.740   3.466   1.030   4.374   3.741   2.153   4.298   5.132   3.425   4.127
   0    0.000   0.000   0.000   0.000   0.000   0.000   0.000   0.000   0.000   0.000
      pH    Cond     TOC      Ca      Mg       K     SO4      Cl   Equal   Altot
    1.21   10.21  111.11  113.21  115.11   12.11   15.11   17.21   18.11   19.21
    2.11   20.11   21.11    3.11   34.11    4.11   42.11   44.21   49.11   58.11
   59.11    6.21   65.21   80.11   81.21   82.11   83.11   86.11   87.21   88.21
   89.11    9.11    ACH1    ARR1   ARTH1   BARE1   BARL1   BODG1   BODL1   BUGE1
   BYCH1   CFYN1    CHN1   CLON1   CLYD1    CON1    COR1   CWBY1   DIWA1    DOI1
   DOON1    DUH1    DUL1    ENO1    EUN1   FERN1    FHI1   FINL1    FLE1   GARN1
   GEIR1   GLAS1   GLFR1   GLYN1    GOD1 GREENT1   GWYN1    GYN1   HARR1   HOWI1
   INVA1    IRD1    LAG1    LAI1    LAR1   LCSL1   LCSU1    LDE1   LENY1    LGR1
   LLDU1   LLGH1    LOD1   LOWT1   MABE1   MACA1   MANN1   MINN1   MOAN1   MUCK1
   NAGA1   OCHI1   PARC1   PENR1   RIEC1   RLGH1    S101     S11    S111    S121
    S131    S141    S151    S161    S171    S181    S191    S201     S21    S221
    S241    S251    S261    S271    S281    S291    S301     S31    S311     S41
     S51     S61     S71     S81     S91 SCOATT1    SKE1   STRO1   TANN1   TECW1
   TINK1   TROO1    UAI1    UIS1    VAL1   WOOD1    YBI1   YGAD1
